0 info it worked if it ends with ok
1 verbose cli [ '/Users/ralstonalmeida/.nvm/versions/node/v6.17.0/bin/node',
1 verbose cli   '/Users/ralstonalmeida/.nvm/versions/node/v6.17.0/bin/npm',
1 verbose cli   'start' ]
2 info using npm@3.10.10
3 info using node@v6.17.0
4 verbose run-script [ 'prestart', 'start', 'poststart' ]
5 info lifecycle react@0.0.0~prestart: react@0.0.0
6 silly lifecycle react@0.0.0~prestart: no script for prestart, continuing
7 info lifecycle react@0.0.0~start: react@0.0.0
8 verbose lifecycle react@0.0.0~start: unsafe-perm in lifecycle true
9 verbose lifecycle react@0.0.0~start: PATH: /Users/ralstonalmeida/.nvm/versions/node/v6.17.0/lib/node_modules/npm/bin/node-gyp-bin:/Users/ralstonalmeida/Desktop/GameApp/node_modules/.bin:/Users/ralstonalmeida/.nvm/versions/node/v6.17.0/bin:/Users/ralstonalmeida/.rvm/gems/ruby-2.4.2/bin:/Users/ralstonalmeida/.rvm/gems/ruby-2.4.2@global/bin:/Users/ralstonalmeida/.rvm/rubies/ruby-2.4.2/bin:/Users/ralstonalmeida/Library/Android/sdk/platform-tools:/Applications/MAMP/bin/php/php7.1.1/bin:/usr/local/bin:/usr/bin:/bin:/usr/sbin:/sbin:/usr/local/go/bin:/Users/ralstonalmeida/.rvm/gems/ruby-2.4.2/bin:/Users/ralstonalmeida/.rvm/gems/ruby-2.4.2@global/bin:/Users/ralstonalmeida/.rvm/rubies/ruby-2.4.2/bin:/Users/ralstonalmeida/Library/Android/sdk/platform-tools:/Applications/MAMP/bin/php/php7.1.1/bin:/Users/ralstonalmeida/.rvm/bin:/Users/ralstonalmeida/.rvm/bin
10 verbose lifecycle react@0.0.0~start: CWD: /Users/ralstonalmeida/Desktop/GameApp
11 silly lifecycle react@0.0.0~start: Args: [ '-c', 'react-scripts start' ]
12 silly lifecycle react@0.0.0~start: Returned: code: 1  signal: null
13 info lifecycle react@0.0.0~start: Failed to exec start script
14 verbose stack Error: react@0.0.0 start: `react-scripts start`
14 verbose stack Exit status 1
14 verbose stack     at EventEmitter.<anonymous> (/Users/ralstonalmeida/.nvm/versions/node/v6.17.0/lib/node_modules/npm/lib/utils/lifecycle.js:255:16)
14 verbose stack     at emitTwo (events.js:106:13)
14 verbose stack     at EventEmitter.emit (events.js:191:7)
14 verbose stack     at ChildProcess.<anonymous> (/Users/ralstonalmeida/.nvm/versions/node/v6.17.0/lib/node_modules/npm/lib/utils/spawn.js:40:14)
14 verbose stack     at emitTwo (events.js:106:13)
14 verbose stack     at ChildProcess.emit (events.js:191:7)
14 verbose stack     at maybeClose (internal/child_process.js:920:16)
14 verbose stack     at Process.ChildProcess._handle.onexit (internal/child_process.js:230:5)
15 verbose pkgid react@0.0.0
16 verbose cwd /Users/ralstonalmeida/Desktop/GameApp
17 error Darwin 16.7.0
18 error argv "/Users/ralstonalmeida/.nvm/versions/node/v6.17.0/bin/node" "/Users/ralstonalmeida/.nvm/versions/node/v6.17.0/bin/npm" "start"
19 error node v6.17.0
20 error npm  v3.10.10
21 error code ELIFECYCLE
22 error react@0.0.0 start: `react-scripts start`
22 error Exit status 1
23 error Failed at the react@0.0.0 start script 'react-scripts start'.
23 error Make sure you have the latest version of node.js and npm installed.
23 error If you do, this is most likely a problem with the react package,
23 error not with npm itself.
23 error Tell the author that this fails on your system:
23 error     react-scripts start
23 error You can get information on how to open an issue for this project with:
23 error     npm bugs react
23 error Or if that isn't available, you can get their info via:
23 error     npm owner ls react
23 error There is likely additional logging output above.
24 verbose exit [ 1, true ]
